<?xml version="1.0" encoding="UTF-8"?>
<coverage generated="1749078748190" clover="3.2.0">
  <project timestamp="1749078748190" name="All files">
    <metrics statements="59" coveredstatements="59" conditionals="12" coveredconditionals="11" methods="20" coveredmethods="19" elements="91" coveredelements="89" complexity="0" loc="59" ncloc="59" packages="1" files="1" classes="1"/>
    <file name="Upload.jsx" path="C:\Users\JackT\OneDrive\Desktop\School\BranchBeasts\packages\react-frontend\src\Upload.jsx">
      <metrics statements="59" coveredstatements="59" conditionals="12" coveredconditionals="11" methods="20" coveredmethods="19"/>
      <line num="3" count="1" type="stmt"/>
      <line num="6" count="38" type="stmt"/>
      <line num="7" count="38" type="stmt"/>
      <line num="8" count="38" type="stmt"/>
      <line num="9" count="38" type="stmt"/>
      <line num="10" count="38" type="stmt"/>
      <line num="11" count="38" type="stmt"/>
      <line num="12" count="38" type="stmt"/>
      <line num="13" count="38" type="stmt"/>
      <line num="16" count="3" type="stmt"/>
      <line num="17" count="3" type="stmt"/>
      <line num="18" count="3" type="stmt"/>
      <line num="27" count="3" type="stmt"/>
      <line num="28" count="3" type="stmt"/>
      <line num="33" count="2" type="cond" truecount="2" falsecount="0"/>
      <line num="34" count="1" type="stmt"/>
      <line num="35" count="1" type="cond" truecount="1" falsecount="1"/>
      <line num="37" count="1" type="stmt"/>
      <line num="38" count="1" type="stmt"/>
      <line num="39" count="1" type="stmt"/>
      <line num="40" count="1" type="stmt"/>
      <line num="41" count="1" type="stmt"/>
      <line num="42" count="1" type="stmt"/>
      <line num="43" count="1" type="stmt"/>
      <line num="44" count="1" type="stmt"/>
      <line num="45" count="1" type="stmt"/>
      <line num="46" count="1" type="stmt"/>
      <line num="49" count="1" type="stmt"/>
      <line num="50" count="1" type="stmt"/>
      <line num="52" count="3" type="stmt"/>
      <line num="57" count="3" type="stmt"/>
      <line num="58" count="3" type="cond" truecount="2" falsecount="0"/>
      <line num="60" count="2" type="stmt"/>
      <line num="61" count="2" type="stmt"/>
      <line num="62" count="2" type="stmt"/>
      <line num="63" count="2" type="stmt"/>
      <line num="64" count="2" type="stmt"/>
      <line num="67" count="2" type="stmt"/>
      <line num="69" count="2" type="stmt"/>
      <line num="71" count="2" type="stmt"/>
      <line num="72" count="2" type="stmt"/>
      <line num="73" count="2" type="stmt"/>
      <line num="75" count="2" type="stmt"/>
      <line num="85" count="2" type="cond" truecount="2" falsecount="0"/>
      <line num="86" count="1" type="stmt"/>
      <line num="89" count="1" type="stmt"/>
      <line num="92" count="1" type="stmt"/>
      <line num="93" count="1" type="stmt"/>
      <line num="97" count="38" type="stmt"/>
      <line num="116" count="4" type="stmt"/>
      <line num="132" count="2" type="stmt"/>
      <line num="147" count="2" type="stmt"/>
      <line num="161" count="380" type="stmt"/>
      <line num="177" count="2" type="stmt"/>
      <line num="187" count="228" type="stmt"/>
      <line num="205" count="2" type="stmt"/>
      <line num="208" count="190" type="stmt"/>
      <line num="220" count="3" type="stmt"/>
      <line num="241" count="3" type="stmt"/>
    </file>
  </project>
</coverage>
