{"C:\\Users\\JackT\\OneDrive\\Desktop\\School\\BranchBeasts\\packages\\react-frontend\\src\\Upload.jsx": {"path":"C:\\Users\\JackT\\OneDrive\\Desktop\\School\\BranchBeasts\\packages\\react-frontend\\src\\Upload.jsx","statementMap":{"0":{"start":{"line":6,"column":34},"end":{"line":6,"column":46}},"1":{"start":{"line":7,"column":40},"end":{"line":7,"column":52}},"2":{"start":{"line":8,"column":28},"end":{"line":8,"column":45}},"3":{"start":{"line":9,"column":26},"end":{"line":9,"column":43}},"4":{"start":{"line":10,"column":26},"end":{"line":10,"column":39}},"5":{"start":{"line":11,"column":38},"end":{"line":11,"column":53}},"6":{"start":{"line":12,"column":28},"end":{"line":12,"column":40}},"7":{"start":{"line":13,"column":32},"end":{"line":13,"column":47}},"8":{"start":{"line":16,"column":4},"end":{"line":16,"column":23}},"9":{"start":{"line":17,"column":4},"end":{"line":17,"column":21}},"10":{"start":{"line":18,"column":20},"end":{"line":26,"column":5}},"11":{"start":{"line":27,"column":4},"end":{"line":53,"column":5}},"12":{"start":{"line":28,"column":18},"end":{"line":32,"column":8}},"13":{"start":{"line":33,"column":6},"end":{"line":47,"column":7}},"14":{"start":{"line":34,"column":20},"end":{"line":34,"column":36}},"15":{"start":{"line":35,"column":8},"end":{"line":35,"column":51}},"16":{"start":{"line":37,"column":22},"end":{"line":37,"column":38}},"17":{"start":{"line":38,"column":8},"end":{"line":38,"column":42}},"18":{"start":{"line":39,"column":8},"end":{"line":39,"column":44}},"19":{"start":{"line":40,"column":8},"end":{"line":40,"column":24}},"20":{"start":{"line":41,"column":8},"end":{"line":41,"column":27}},"21":{"start":{"line":42,"column":8},"end":{"line":42,"column":26}},"22":{"start":{"line":43,"column":8},"end":{"line":43,"column":25}},"23":{"start":{"line":44,"column":8},"end":{"line":44,"column":21}},"24":{"start":{"line":45,"column":8},"end":{"line":45,"column":29}},"25":{"start":{"line":46,"column":8},"end":{"line":46,"column":21}},"26":{"start":{"line":49,"column":6},"end":{"line":49,"column":25}},"27":{"start":{"line":50,"column":6},"end":{"line":50,"column":48}},"28":{"start":{"line":52,"column":6},"end":{"line":52,"column":24}},"29":{"start":{"line":57,"column":22},"end":{"line":57,"column":40}},"30":{"start":{"line":58,"column":4},"end":{"line":58,"column":27}},"31":{"start":{"line":58,"column":20},"end":{"line":58,"column":27}},"32":{"start":{"line":60,"column":19},"end":{"line":65,"column":6}},"33":{"start":{"line":61,"column":17},"end":{"line":61,"column":33}},"34":{"start":{"line":62,"column":6},"end":{"line":62,"column":43}},"35":{"start":{"line":62,"column":24},"end":{"line":62,"column":42}},"36":{"start":{"line":63,"column":6},"end":{"line":63,"column":40}},"37":{"start":{"line":63,"column":28},"end":{"line":63,"column":39}},"38":{"start":{"line":64,"column":6},"end":{"line":64,"column":38}},"39":{"start":{"line":67,"column":4},"end":{"line":67,"column":46}},"40":{"start":{"line":69,"column":4},"end":{"line":94,"column":9}},"41":{"start":{"line":71,"column":37},"end":{"line":71,"column":46}},"42":{"start":{"line":72,"column":20},"end":{"line":72,"column":52}},"43":{"start":{"line":73,"column":8},"end":{"line":73,"column":47}},"44":{"start":{"line":75,"column":8},"end":{"line":82,"column":11}},"45":{"start":{"line":85,"column":8},"end":{"line":85,"column":50}},"46":{"start":{"line":85,"column":32},"end":{"line":85,"column":50}},"47":{"start":{"line":86,"column":8},"end":{"line":86,"column":56}},"48":{"start":{"line":89,"column":8},"end":{"line":89,"column":27}},"49":{"start":{"line":92,"column":8},"end":{"line":92,"column":53}},"50":{"start":{"line":93,"column":8},"end":{"line":93,"column":37}},"51":{"start":{"line":97,"column":2},"end":{"line":259,"column":4}},"52":{"start":{"line":116,"column":29},"end":{"line":116,"column":56}},"53":{"start":{"line":132,"column":29},"end":{"line":132,"column":59}},"54":{"start":{"line":147,"column":31},"end":{"line":147,"column":55}},"55":{"start":{"line":161,"column":16},"end":{"line":163,"column":25}},"56":{"start":{"line":177,"column":31},"end":{"line":177,"column":54}},"57":{"start":{"line":187,"column":16},"end":{"line":189,"column":25}},"58":{"start":{"line":205,"column":31},"end":{"line":205,"column":54}},"59":{"start":{"line":208,"column":16},"end":{"line":210,"column":25}},"60":{"start":{"line":220,"column":31},"end":{"line":220,"column":62}},"61":{"start":{"line":241,"column":30},"end":{"line":241,"column":52}}},"fnMap":{"0":{"name":"Upload","decl":{"start":{"line":5,"column":9},"end":{"line":5,"column":15}},"loc":{"start":{"line":5,"column":18},"end":{"line":260,"column":1}},"line":5},"1":{"name":"handleSubmit","decl":{"start":{"line":15,"column":17},"end":{"line":15,"column":29}},"loc":{"start":{"line":15,"column":33},"end":{"line":54,"column":3}},"line":15},"2":{"name":"uploadImage","decl":{"start":{"line":56,"column":11},"end":{"line":56,"column":22}},"loc":{"start":{"line":56,"column":34},"end":{"line":95,"column":3}},"line":56},"3":{"name":"(anonymous_3)","decl":{"start":{"line":60,"column":31},"end":{"line":60,"column":32}},"loc":{"start":{"line":60,"column":52},"end":{"line":65,"column":5}},"line":60},"4":{"name":"(anonymous_4)","decl":{"start":{"line":62,"column":18},"end":{"line":62,"column":19}},"loc":{"start":{"line":62,"column":24},"end":{"line":62,"column":42}},"line":62},"5":{"name":"(anonymous_5)","decl":{"start":{"line":63,"column":19},"end":{"line":63,"column":20}},"loc":{"start":{"line":63,"column":28},"end":{"line":63,"column":39}},"line":63},"6":{"name":"(anonymous_6)","decl":{"start":{"line":70,"column":12},"end":{"line":70,"column":13}},"loc":{"start":{"line":70,"column":24},"end":{"line":83,"column":7}},"line":70},"7":{"name":"(anonymous_7)","decl":{"start":{"line":84,"column":12},"end":{"line":84,"column":13}},"loc":{"start":{"line":84,"column":21},"end":{"line":87,"column":7}},"line":84},"8":{"name":"(anonymous_8)","decl":{"start":{"line":88,"column":12},"end":{"line":88,"column":13}},"loc":{"start":{"line":88,"column":22},"end":{"line":90,"column":7}},"line":88},"9":{"name":"(anonymous_9)","decl":{"start":{"line":91,"column":13},"end":{"line":91,"column":14}},"loc":{"start":{"line":91,"column":22},"end":{"line":94,"column":7}},"line":91},"10":{"name":"(anonymous_10)","decl":{"start":{"line":116,"column":22},"end":{"line":116,"column":23}},"loc":{"start":{"line":116,"column":29},"end":{"line":116,"column":56}},"line":116},"11":{"name":"(anonymous_11)","decl":{"start":{"line":132,"column":22},"end":{"line":132,"column":23}},"loc":{"start":{"line":132,"column":29},"end":{"line":132,"column":59}},"line":132},"12":{"name":"(anonymous_12)","decl":{"start":{"line":147,"column":24},"end":{"line":147,"column":25}},"loc":{"start":{"line":147,"column":31},"end":{"line":147,"column":55}},"line":147},"13":{"name":"(anonymous_13)","decl":{"start":{"line":160,"column":20},"end":{"line":160,"column":21}},"loc":{"start":{"line":161,"column":16},"end":{"line":163,"column":25}},"line":161},"14":{"name":"(anonymous_14)","decl":{"start":{"line":177,"column":24},"end":{"line":177,"column":25}},"loc":{"start":{"line":177,"column":31},"end":{"line":177,"column":54}},"line":177},"15":{"name":"(anonymous_15)","decl":{"start":{"line":186,"column":20},"end":{"line":186,"column":21}},"loc":{"start":{"line":187,"column":16},"end":{"line":189,"column":25}},"line":187},"16":{"name":"(anonymous_16)","decl":{"start":{"line":205,"column":24},"end":{"line":205,"column":25}},"loc":{"start":{"line":205,"column":31},"end":{"line":205,"column":54}},"line":205},"17":{"name":"(anonymous_17)","decl":{"start":{"line":207,"column":47},"end":{"line":207,"column":48}},"loc":{"start":{"line":208,"column":16},"end":{"line":210,"column":25}},"line":208},"18":{"name":"(anonymous_18)","decl":{"start":{"line":220,"column":24},"end":{"line":220,"column":25}},"loc":{"start":{"line":220,"column":31},"end":{"line":220,"column":62}},"line":220},"19":{"name":"(anonymous_19)","decl":{"start":{"line":241,"column":22},"end":{"line":241,"column":23}},"loc":{"start":{"line":241,"column":30},"end":{"line":241,"column":52}},"line":241}},"branchMap":{"0":{"loc":{"start":{"line":33,"column":6},"end":{"line":47,"column":7}},"type":"if","locations":[{"start":{"line":33,"column":6},"end":{"line":47,"column":7}},{"start":{"line":36,"column":13},"end":{"line":47,"column":7}}],"line":33},"1":{"loc":{"start":{"line":35,"column":24},"end":{"line":35,"column":47}},"type":"binary-expr","locations":[{"start":{"line":35,"column":24},"end":{"line":35,"column":33}},{"start":{"line":35,"column":37},"end":{"line":35,"column":47}}],"line":35},"2":{"loc":{"start":{"line":58,"column":4},"end":{"line":58,"column":27}},"type":"if","locations":[{"start":{"line":58,"column":4},"end":{"line":58,"column":27}},{"start":{},"end":{}}],"line":58},"3":{"loc":{"start":{"line":85,"column":8},"end":{"line":85,"column":50}},"type":"if","locations":[{"start":{"line":85,"column":8},"end":{"line":85,"column":50}},{"start":{},"end":{}}],"line":85},"4":{"loc":{"start":{"line":244,"column":11},"end":{"line":248,"column":11}},"type":"binary-expr","locations":[{"start":{"line":244,"column":11},"end":{"line":244,"column":16}},{"start":{"line":245,"column":12},"end":{"line":247,"column":16}}],"line":244},"5":{"loc":{"start":{"line":255,"column":11},"end":{"line":255,"column":45}},"type":"cond-expr","locations":[{"start":{"line":255,"column":21},"end":{"line":255,"column":34}},{"start":{"line":255,"column":37},"end":{"line":255,"column":45}}],"line":255}},"s":{"0":38,"1":38,"2":38,"3":38,"4":38,"5":38,"6":38,"7":38,"8":3,"9":3,"10":3,"11":3,"12":3,"13":2,"14":1,"15":1,"16":1,"17":1,"18":1,"19":1,"20":1,"21":1,"22":1,"23":1,"24":1,"25":1,"26":1,"27":1,"28":3,"29":3,"30":3,"31":1,"32":2,"33":2,"34":2,"35":2,"36":2,"37":0,"38":2,"39":2,"40":2,"41":2,"42":2,"43":2,"44":2,"45":2,"46":1,"47":1,"48":1,"49":1,"50":1,"51":38,"52":4,"53":2,"54":2,"55":380,"56":2,"57":228,"58":2,"59":190,"60":3,"61":3},"f":{"0":38,"1":3,"2":3,"3":2,"4":2,"5":0,"6":2,"7":2,"8":1,"9":1,"10":4,"11":2,"12":2,"13":380,"14":2,"15":228,"16":2,"17":190,"18":3,"19":3},"b":{"0":[1,1],"1":[1,0],"2":[1,2],"3":[1,1],"4":[38,1],"5":[3,35]},"_coverageSchema":"1a1c01bbd47fc00a2c39e90264f33305004495a9","hash":"384b4c2c7c613a3e11d807c87a16d2a1dd6fce59"}
,"C:\\Users\\JackT\\OneDrive\\Desktop\\School\\BranchBeasts\\packages\\react-frontend\\src\\azure.jsx": {"path":"C:\\Users\\JackT\\OneDrive\\Desktop\\School\\BranchBeasts\\packages\\react-frontend\\src\\azure.jsx","statementMap":{"0":{"start":{"line":1,"column":16},"end":{"line":1,"column":20}},"1":{"start":{"line":3,"column":28},"end":{"line":5,"column":68}}},"fnMap":{},"branchMap":{"0":{"loc":{"start":{"line":3,"column":28},"end":{"line":5,"column":68}},"type":"cond-expr","locations":[{"start":{"line":4,"column":4},"end":{"line":4,"column":27}},{"start":{"line":5,"column":4},"end":{"line":5,"column":68}}],"line":3}},"s":{"0":1,"1":1},"f":{},"b":{"0":[1,0]},"_coverageSchema":"1a1c01bbd47fc00a2c39e90264f33305004495a9","hash":"146f4322053e77f0adc9cb31c33970efa0fe670f"}
}
