TN:
SF:src\Upload.jsx
FN:5,Upload
FN:15,handleSubmit
FN:56,uploadImage
FN:60,(anonymous_3)
FN:62,(anonymous_4)
FN:63,(anonymous_5)
FN:70,(anonymous_6)
FN:84,(anonymous_7)
FN:88,(anonymous_8)
FN:91,(anonymous_9)
FN:116,(anonymous_10)
FN:132,(anonymous_11)
FN:147,(anonymous_12)
FN:160,(anonymous_13)
FN:177,(anonymous_14)
FN:186,(anonymous_15)
FN:205,(anonymous_16)
FN:207,(anonymous_17)
FN:220,(anonymous_18)
FN:241,(anonymous_19)
FNF:20
FNH:19
FNDA:38,Upload
FNDA:3,handleSubmit
FNDA:3,uploadImage
FNDA:2,(anonymous_3)
FNDA:2,(anonymous_4)
FNDA:0,(anonymous_5)
FNDA:2,(anonymous_6)
FNDA:2,(anonymous_7)
FNDA:1,(anonymous_8)
FNDA:1,(anonymous_9)
FNDA:4,(anonymous_10)
FNDA:2,(anonymous_11)
FNDA:2,(anonymous_12)
FNDA:380,(anonymous_13)
FNDA:2,(anonymous_14)
FNDA:228,(anonymous_15)
FNDA:2,(anonymous_16)
FNDA:190,(anonymous_17)
FNDA:3,(anonymous_18)
FNDA:3,(anonymous_19)
DA:3,1
DA:6,38
DA:7,38
DA:8,38
DA:9,38
DA:10,38
DA:11,38
DA:12,38
DA:13,38
DA:16,3
DA:17,3
DA:18,3
DA:27,3
DA:28,3
DA:33,2
DA:34,1
DA:35,1
DA:37,1
DA:38,1
DA:39,1
DA:40,1
DA:41,1
DA:42,1
DA:43,1
DA:44,1
DA:45,1
DA:46,1
DA:49,1
DA:50,1
DA:52,3
DA:57,3
DA:58,3
DA:60,2
DA:61,2
DA:62,2
DA:63,2
DA:64,2
DA:67,2
DA:69,2
DA:71,2
DA:72,2
DA:73,2
DA:75,2
DA:85,2
DA:86,1
DA:89,1
DA:92,1
DA:93,1
DA:97,38
DA:116,4
DA:132,2
DA:147,2
DA:161,380
DA:177,2
DA:187,228
DA:205,2
DA:208,190
DA:220,3
DA:241,3
LF:59
LH:59
BRDA:33,0,0,1
BRDA:33,0,1,1
BRDA:35,1,0,1
BRDA:35,1,1,0
BRDA:58,2,0,1
BRDA:58,2,1,2
BRDA:85,3,0,1
BRDA:85,3,1,1
BRDA:244,4,0,38
BRDA:244,4,1,1
BRDA:255,5,0,3
BRDA:255,5,1,35
BRF:12
BRH:11
end_of_record
